[debug] [2023-01-10T16:47:46.638Z] ----------------------------------------------------------------------
[debug] [2023-01-10T16:47:46.640Z] Command:       C:\Program Files\nodejs\node.exe C:\Users\mnk_17\AppData\Roaming\npm\node_modules\firebase-tools\lib\bin\firebase.js init
[debug] [2023-01-10T16:47:46.640Z] CLI Version:   11.3.0
[debug] [2023-01-10T16:47:46.640Z] Platform:      win32
[debug] [2023-01-10T16:47:46.641Z] Node Version:  v16.14.2
[debug] [2023-01-10T16:47:46.641Z] Time:          Tue Jan 10 2023 13:47:46 GMT-0300 (Argentina Standard Time)
[debug] [2023-01-10T16:47:46.642Z] ----------------------------------------------------------------------
[debug] 
[debug] [2023-01-10T16:47:46.701Z] > command requires scopes: ["email","openid","https://www.googleapis.com/auth/cloudplatformprojects.readonly","https://www.googleapis.com/auth/firebase","https://www.googleapis.com/auth/cloud-platform"]
[debug] [2023-01-10T16:47:46.701Z] > authorizing via signed-in user (monica.okuma@gmail.com)
[info] 
     ######## #### ########  ######## ########     ###     ######  ########
     ##        ##  ##     ## ##       ##     ##  ##   ##  ##       ##
     ######    ##  ########  ######   ########  #########  ######  ######
     ##        ##  ##    ##  ##       ##     ## ##     ##       ## ##
     ##       #### ##     ## ######## ########  ##     ##  ######  ########

You're about to initialize a Firebase project in this directory:

  C:\Users\mnk_17\Documents\CURSO Argentina Programa\TP portfolio AP\frontend-angular

Before we get started, keep in mind:

  * You are initializing within an existing Firebase project directory

[info] 
=== Project Setup
[info] 
[info] First, let's associate this project directory with a Firebase project.
[info] You can create multiple project aliases by running firebase use --add, 
[info] but for now we'll just set up a default project.
[info] 
[debug] [2023-01-10T16:47:54.699Z] Using project from CLI flag: frontend-angular-moku-17
[debug] [2023-01-10T16:47:54.702Z] >>> [apiv2][query] GET https://firebase.googleapis.com/v1beta1/projects/frontend-angular-moku-17 [none]
[debug] [2023-01-10T16:47:55.114Z] <<< [apiv2][status] GET https://firebase.googleapis.com/v1beta1/projects/frontend-angular-moku-17 200
[debug] [2023-01-10T16:47:55.114Z] <<< [apiv2][body] GET https://firebase.googleapis.com/v1beta1/projects/frontend-angular-moku-17 {"projectId":"frontend-angular-moku-17","projectNumber":"789337935904","displayName":"frontend-angular-moku-17","name":"projects/frontend-angular-moku-17","resources":{"hostingSite":"frontend-angular-moku-17"},"state":"ACTIVE","etag":"1_390c3cf6-4b89-48a4-a23d-f1bf8bdef143"}
[info] i  Using project frontend-angular-moku-17 (frontend-angular-moku-17) 
[info] 
=== Hosting Setup
[info] 
[info] Your public directory is the folder (relative to your project directory) that
[info] will contain Hosting assets to be uploaded with firebase deploy. If you
[info] have a build process for your assets, use your build's output directory.
[info] 
